52e0 start_logger              160 ---- 2023/06/20 03:37:29.503 -------------------------------------------------
52e0 start_logger              166 Host process is 'cmd.exe' (pid 21216)
52e0 start_logger              170 DLL path is 'C:\Users\PABEL_2\PycharmProjects\DAULE_Capston\cmder\vendor\clink'
52e0 start_logger              185 Windows version 10.0.19045 (x64)
52e0 start_logger              188 Clink version 1.4.4.7fe1ca (x64)
52e0 hook_setter::hook_setter  159 >>> Started hook transaction.
52e0 hook_setter::attach_iat   316 Attempting to hook SetEnvironmentVariableW in IAT for module 00007FF6DC510000.
52e0 pe_info::iterate_imports  159 Found import in 'api-ms-win-core-processenvironment-l1-1-0.dll'
52e0 find_iat                  124 Found import at 00007FF6DC543860 (value is 00007FF8105E2FC0).
52e0 hook_setter::attach_iat   316 Attempting to hook WriteConsoleW in IAT for module 00007FF6DC510000.
52e0 pe_info::iterate_imports  159 Found import in 'api-ms-win-core-console-l1-1-0.dll'
52e0 find_iat                  124 Found import at 00007FF6DC5434F8 (value is 00007FF8105876D0).
52e0 hook_setter::attach_iat   316 Attempting to hook GetEnvironmentVariableW in IAT for module 00007FF6DC510000.
52e0 pe_info::iterate_imports  159 Found import in 'api-ms-win-core-processenvironment-l1-1-0.dll'
52e0 find_iat                  124 Found import at 00007FF6DC543880 (value is 00007FF8105A5430).
52e0 hook_setter::commit       207 <<< Hook transaction committed.
52e0 hook_setter::hook_setter  159 >>> Started hook transaction.
52e0 hook_setter::detach_iat   359 Attempting to unhook 00007FFF4EDA9710 from GetEnvironmentVariableW in IAT for module 00007FF6DC510000.
52e0 pe_info::iterate_imports  159 Found import in 'api-ms-win-core-processenvironment-l1-1-0.dll'
52e0 find_iat                  124 Found import at 00007FF6DC543880 (value is 00007FFF4EDA9710).
52e0 hook_setter::commit       207 <<< Hook transaction committed.
52e0 hook_setter::hook_setter  159 >>> Started hook transaction.
52e0 hook_setter::attach_iat   316 Attempting to hook ReadConsoleW in IAT for module 00007FF6DC510000.
52e0 pe_info::iterate_imports  159 Found import in 'api-ms-win-core-console-l1-1-0.dll'
52e0 find_iat                  124 Found import at 00007FF6DC5434E0 (value is 00007FF810690A30).
52e0 hook_setter::commit       207 <<< Hook transaction committed.
52e0 hook_setter::hook_setter  159 >>> Started hook transaction.
52e0 hook_setter::attach_iat   316 Attempting to hook SetConsoleTitleW in IAT for module 00007FF6DC510000.
52e0 pe_info::iterate_imports  159 Found import in 'api-ms-win-core-console-l2-2-0.dll'
52e0 find_iat                  124 Found import at 00007FF6DC543558 (value is 00007FF8105F6930).
52e0 hook_setter::commit       207 <<< Hook transaction committed.
52e0 win_screen_buffer::begin  228 Using native terminal support; found 'ConEmuHk64.dll'.
52e0 reset_handle              144 resetting mismatched stdin handle
52e0 reset_handle              144 resetting mismatched stdout handle
52e0 host_lua::load_scripts    158 Loaded 2 Lua scripts in 85 ms
52e0 =?                          0 Clink updater: too soon to check for updates (1686841138 vs 1687199855).
52e0 history_db::initialise   1264 master bank ctag: |CTAG_1682083791_79814671_12384_0
52e0 history_db::compact      1526 History:  74 active, 387 deleted
52e0 reset_handle              144 resetting mismatched stdout handle
52e0 history_db::compact      1526 History:  74 active, 388 deleted
52e0 history_db::compact      1526 History:  74 active, 389 deleted
52e0 reset_handle              144 resetting mismatched stdout handle
52e0 history_db::compact      1526 History:  75 active, 389 deleted
52e0 history_db::compact      1526 History:  75 active, 390 deleted
52e0 history_db::compact      1526 History:  75 active, 391 deleted
52e0 history_db::compact      1526 History:  75 active, 392 deleted
52e0 history_db::compact      1526 History:  75 active, 393 deleted
52e0 history_db::compact      1526 History:  75 active, 394 deleted
